# JRE version: OpenJDK Runtime Environment Corretto-17.0.17.10.1 (17.0.17+10) (build 17.0.17+10-LTS)
# Java VM: OpenJDK 64-Bit Server VM Corretto-17.0.17.10.1 (17.0.17+10-LTS, mixed mode, sharing, tiered, compressed oops, compressed class ptrs, g1 gc, windows-amd64)
GC Precious Log:
 CPUs: 32 total, 32 available
 Memory: 32378M
 Large Page Support: Disabled
 NUMA Support: Disabled
 Compressed Oops: Enabled (Zero based)
 Heap Region Size: 4M
 Heap Min Capacity: 8M
 Heap Initial Capacity: 508M
 Heap Max Capacity: 8096M
 Pre-touch: Disabled
 Parallel Workers: 23
 Concurrent Workers: 6
 Concurrent Refinement Workers: 23
 Periodic GC: Disabled
Heap:
 garbage-first heap   total 69632K, used 41860K [0x0000000606000000, 0x0000000800000000)
  region size 4096K, 7 young (28672K), 1 survivors (4096K)
 Metaspace       used 41299K, committed 41792K, reserved 1114112K
  class space    used 5571K, committed 5824K, reserved 1048576K
GC Heap History (18 events):
Event: 0.258 GC heap before
{Heap before GC invocations=0 (full 0):
 garbage-first heap   total 520192K, used 20480K [0x0000000606000000, 0x0000000800000000)
  region size 4096K, 6 young (24576K), 0 survivors (0K)
 Metaspace       used 4624K, committed 4864K, reserved 1114112K
  class space    used 520K, committed 640K, reserved 1048576K
}
Event: 0.261 GC heap after
{Heap after GC invocations=1 (full 0):
 garbage-first heap   total 520192K, used 7236K [0x0000000606000000, 0x0000000800000000)
  region size 4096K, 1 young (4096K), 1 survivors (4096K)
 Metaspace       used 4624K, committed 4864K, reserved 1114112K
  class space    used 520K, committed 640K, reserved 1048576K
}
Event: 0.477 GC heap before
{Heap before GC invocations=1 (full 0):
 garbage-first heap   total 520192K, used 27716K [0x0000000606000000, 0x0000000800000000)
  region size 4096K, 6 young (24576K), 1 survivors (4096K)
 Metaspace       used 9776K, committed 10112K, reserved 1114112K
  class space    used 1262K, committed 1408K, reserved 1048576K
}
Event: 0.479 GC heap after
{Heap after GC invocations=2 (full 0):
 garbage-first heap   total 520192K, used 9026K [0x0000000606000000, 0x0000000800000000)
  region size 4096K, 1 young (4096K), 1 survivors (4096K)
 Metaspace       used 9776K, committed 10112K, reserved 1114112K
  class space    used 1262K, committed 1408K, reserved 1048576K
}
Event: 0.832 GC heap before
{Heap before GC invocations=2 (full 0):
 garbage-first heap   total 520192K, used 62274K [0x0000000606000000, 0x0000000800000000)
  region size 4096K, 15 young (61440K), 1 survivors (4096K)
 Metaspace       used 21018K, committed 21312K, reserved 1114112K
  class space    used 2691K, committed 2816K, reserved 1048576K
}
Event: 0.834 GC heap after
{Heap after GC invocations=3 (full 0):
 garbage-first heap   total 520192K, used 13560K [0x0000000606000000, 0x0000000800000000)
  region size 4096K, 2 young (8192K), 2 survivors (8192K)
 Metaspace       used 21018K, committed 21312K, reserved 1114112K
  class space    used 2691K, committed 2816K, reserved 1048576K
}
Event: 0.841 GC heap before
{Heap before GC invocations=3 (full 0):
 garbage-first heap   total 520192K, used 13560K [0x0000000606000000, 0x0000000800000000)
  region size 4096K, 3 young (12288K), 2 survivors (8192K)
 Metaspace       used 21200K, committed 21504K, reserved 1114112K
  class space    used 2716K, committed 2880K, reserved 1048576K
}
Event: 0.842 GC heap after
{Heap after GC invocations=4 (full 0):
 garbage-first heap   total 520192K, used 13909K [0x0000000606000000, 0x0000000800000000)
  region size 4096K, 2 young (8192K), 2 survivors (8192K)
 Metaspace       used 21200K, committed 21504K, reserved 1114112K
  class space    used 2716K, committed 2880K, reserved 1048576K
}
Event: 1.108 GC heap before
{Heap before GC invocations=5 (full 0):
 garbage-first heap   total 69632K, used 46677K [0x0000000606000000, 0x0000000800000000)
  region size 4096K, 11 young (45056K), 2 survivors (8192K)
 Metaspace       used 24982K, committed 25344K, reserved 1114112K
  class space    used 3216K, committed 3392K, reserved 1048576K
}
Event: 1.111 GC heap after
{Heap after GC invocations=6 (full 0):
 garbage-first heap   total 69632K, used 16320K [0x0000000606000000, 0x0000000800000000)
  region size 4096K, 3 young (12288K), 3 survivors (12288K)
 Metaspace       used 24982K, committed 25344K, reserved 1114112K
  class space    used 3216K, committed 3392K, reserved 1048576K
}
Event: 1.146 GC heap before
{Heap before GC invocations=6 (full 0):
 garbage-first heap   total 69632K, used 20416K [0x0000000606000000, 0x0000000800000000)
  region size 4096K, 4 young (16384K), 3 survivors (12288K)
 Metaspace       used 25423K, committed 25792K, reserved 1114112K
  class space    used 3284K, committed 3456K, reserved 1048576K
}
Event: 1.149 GC heap after
{Heap after GC invocations=7 (full 0):
 garbage-first heap   total 69632K, used 17137K [0x0000000606000000, 0x0000000800000000)
  region size 4096K, 1 young (4096K), 1 survivors (4096K)
 Metaspace       used 25423K, committed 25792K, reserved 1114112K
  class space    used 3284K, committed 3456K, reserved 1048576K
}
Event: 1.485 GC heap before
{Heap before GC invocations=7 (full 0):
 garbage-first heap   total 69632K, used 45809K [0x0000000606000000, 0x0000000800000000)
  region size 4096K, 8 young (32768K), 1 survivors (4096K)
 Metaspace       used 29935K, committed 30336K, reserved 1114112K
  class space    used 3967K, committed 4160K, reserved 1048576K
}
Event: 1.487 GC heap after
{Heap after GC invocations=8 (full 0):
 garbage-first heap   total 69632K, used 18730K [0x0000000606000000, 0x0000000800000000)
  region size 4096K, 1 young (4096K), 1 survivors (4096K)
 Metaspace       used 29935K, committed 30336K, reserved 1114112K
  class space    used 3967K, committed 4160K, reserved 1048576K
}
Event: 1.872 GC heap before
{Heap before GC invocations=8 (full 0):
 garbage-first heap   total 69632K, used 47402K [0x0000000606000000, 0x0000000800000000)
  region size 4096K, 8 young (32768K), 1 survivors (4096K)
 Metaspace       used 35533K, committed 35968K, reserved 1114112K
  class space    used 4640K, committed 4864K, reserved 1048576K
}
Event: 1.875 GC heap after
{Heap after GC invocations=9 (full 0):
 garbage-first heap   total 69632K, used 21217K [0x0000000606000000, 0x0000000800000000)
  region size 4096K, 1 young (4096K), 1 survivors (4096K)
 Metaspace       used 35533K, committed 35968K, reserved 1114112K
  class space    used 4640K, committed 4864K, reserved 1048576K
}
Event: 1.875 GC heap before
{Heap before GC invocations=9 (full 0):
 garbage-first heap   total 69632K, used 21217K [0x0000000606000000, 0x0000000800000000)
  region size 4096K, 2 young (8192K), 1 survivors (4096K)
 Metaspace       used 35549K, committed 35968K, reserved 1114112K
  class space    used 4640K, committed 4864K, reserved 1048576K
}
Event: 1.877 GC heap after
{Heap after GC invocations=10 (full 0):
 garbage-first heap   total 69632K, used 21380K [0x0000000606000000, 0x0000000800000000)
  region size 4096K, 1 young (4096K), 1 survivors (4096K)
 Metaspace       used 35549K, committed 35968K, reserved 1114112K
  class space    used 4640K, committed 4864K, reserved 1048576K
}

